<?xml version="1.0" encoding="UTF-8"?>
<!-- Generated by org.testng.reporters.JUnitXMLReporter -->
<testsuite ignored="0" hostname="M2B-D-6ZLLXH2" failures="0" tests="7" name="App Entry" time="162.749" errors="0" timestamp="15 Mar 2018 14:58:57 GMT">
  <testcase classname="modules.AppEntryGIFT" name="AuthenticationAndAccessControl" time="16.893"/>
  <testcase classname="modules.AppEntryGIFT" name="LifeInsuranceAndAnnuityPlatform" time="5.229"/>
  <testcase classname="modules.AppEntryGIFT" name="AccountWelcome" time="5.95"/>
  <testcase classname="modules.AppEntryGIFT" name="ApplicationDefingQuestionnaire" time="18.472"/>
  <testcase classname="modules.AppEntryGIFT" name="CLTApplicaionOwnerInformationGIFT" time="76.798"/>
  <testcase classname="modules.AppEntryGIFT" name="ApplicationPremiumInformation" time="27.951"/>
  <testcase classname="modules.AppEntryGIFT" name="NewBusinessApplicationSummary" time="11.243"/>
</testsuite> <!-- App Entry -->
