<?xml version="1.0" encoding="UTF-8"?>
<!-- Generated by org.testng.reporters.JUnitXMLReporter -->
<testsuite ignored="0" hostname="M2B-D-6ZLLXH2" failures="1" tests="8" name="App Entry5" time="0.141" errors="0" timestamp="23 Mar 2018 07:30:21 GMT">
  <testcase classname="pracModules.AppEntryGIFT" name="AuthenticationAndAccessControl" time="0.141">
    <failure type="java.lang.NullPointerException">
      <![CDATA[java.lang.NullPointerExceptionat pracModules.AppEntryGIFT.AuthenticationAndAccessControl(AppEntryGIFT.java:80)... Removed 24 stack frames]]>
    </failure>
  </testcase> <!-- AuthenticationAndAccessControl -->
  <testcase classname="pracModules.AppEntryGIFT" name="LifeInsuranceAndAnnuityPlatform" time="0.0">
    <skipped/>
  </testcase> <!-- LifeInsuranceAndAnnuityPlatform -->
  <testcase classname="pracModules.AppEntryGIFT" name="AccountWelcome" time="0.0">
    <skipped/>
  </testcase> <!-- AccountWelcome -->
  <testcase classname="pracModules.AppEntryGIFT" name="ApplicationDefingQuestionnaire" time="0.0">
    <skipped/>
  </testcase> <!-- ApplicationDefingQuestionnaire -->
  <testcase classname="pracModules.AppEntryGIFT" name="CLTApplicaionOwnerInformationGIFT" time="0.0">
    <skipped/>
  </testcase> <!-- CLTApplicaionOwnerInformationGIFT -->
  <testcase classname="pracModules.AppEntryGIFT" name="ApplicationPrimarybeneficiaryInformation" time="0.0">
    <skipped/>
  </testcase> <!-- ApplicationPrimarybeneficiaryInformation -->
  <testcase classname="pracModules.AppEntryGIFT" name="ApplicationPremiumInformation" time="0.0">
    <skipped/>
  </testcase> <!-- ApplicationPremiumInformation -->
  <testcase classname="pracModules.AppEntryGIFT" name="NewBusinessApplicationSummary" time="0.0">
    <skipped/>
  </testcase> <!-- NewBusinessApplicationSummary -->
</testsuite> <!-- App Entry5 -->
