<?xml version="1.0" encoding="UTF-8"?>
<!-- Generated by org.testng.reporters.JUnitXMLReporter -->
<testsuite ignored="2" hostname="M2B-D-6ZLLXH2" failures="1" tests="6" name="App Entry1" time="16.897" errors="0" timestamp="14 May 2018 08:50:12 GMT">
  <testcase classname="pracModules.AppEntryGIFT" name="AccountWelcome" time="16.851">
    <failure type="java.lang.IllegalArgumentException" message="Must provide a location for a move action.">
      <![CDATA[java.lang.IllegalArgumentException: Must provide a location for a move action.at org.openqa.selenium.interactions.MoveMouseAction.<init>(MoveMouseAction.java:38)at org.openqa.selenium.interactions.Actions.moveToElement(Actions.java:388)at pracModules.AppEntryGIFT.AccountWelcome(AppEntryGIFT.java:236)... Removed 25 stack frames]]>
    </failure>
  </testcase> <!-- AccountWelcome -->
  <testcase classname="pracModules.AppEntryGIFT" name="ApplicationDefingQuestionnaire" time="0.0">
    <skipped/>
  </testcase> <!-- ApplicationDefingQuestionnaire -->
  <testcase classname="pracModules.AppEntryGIFT" name="CLTApplicaionOwnerInformationGIFT" time="0.0">
    <skipped/>
  </testcase> <!-- CLTApplicaionOwnerInformationGIFT -->
  <testcase classname="pracModules.AppEntryGIFT" name="ApplicationPrimarybeneficiaryInformation" time="0.0">
    <skipped/>
  </testcase> <!-- ApplicationPrimarybeneficiaryInformation -->
  <testcase classname="pracModules.AppEntryGIFT" name="ApplicationPremiumInformation" time="0.0">
    <skipped/>
  </testcase> <!-- ApplicationPremiumInformation -->
  <testcase classname="pracModules.AppEntryGIFT" name="NewBusinessApplicationSummary" time="0.0">
    <skipped/>
  </testcase> <!-- NewBusinessApplicationSummary -->
  <testcase classname="pracModules.AppEntryGIFT" name="AuthenticationAndAccessControl" time="0.0">
    <ignored/>
  </testcase> <!-- AuthenticationAndAccessControl -->
  <testcase classname="pracModules.AppEntryGIFT" name="LifeInsuranceAndAnnuityPlatform" time="0.0">
    <ignored/>
  </testcase> <!-- LifeInsuranceAndAnnuityPlatform -->
</testsuite> <!-- App Entry1 -->
